<?xml version="1.0" encoding="UTF-8"?>
<!-- Generated by org.testng.reporters.JUnitXMLReporter -->
<testsuite ignored="0" hostname="Siddharthas-MacBook-Air.local" failures="3" tests="3" name="Test" time="2.23" errors="0" timestamp="2025-03-25T00:31:48 IST">
  <testcase classname="testCases.TC001_LoginPageTest" name="enterUsername" time="0.775">
    <failure type="java.lang.IllegalStateException" message="ExtentTest instance is NULL! Ensure setupTest() runs before logging.">
      <![CDATA[java.lang.IllegalStateException: ExtentTest instance is NULL! Ensure setupTest() runs before logging.
at utilities.ExtentReportListener.getTest(ExtentReportListener.java:53)
at utilities.ExtentReportListener.logInfo(ExtentReportListener.java:91)
at utilities.ActionDriver.sendKeys(ActionDriver.java:57)
at testCases.TC001_LoginPageTest.enterUsername(TC001_LoginPageTest.java:33)
at java.base/java.util.concurrent.ThreadPoolExecutor.runWorker(ThreadPoolExecutor.java:1144)
at java.base/java.util.concurrent.ThreadPoolExecutor$Worker.run(ThreadPoolExecutor.java:642)
at java.base/java.lang.Thread.run(Thread.java:1575)
... Removed 10 stack frames]]>
    </failure>
  </testcase> <!-- enterUsername -->
  <testcase classname="testCases.TC001_LoginPageTest" name="enterPassword" time="0.21">
    <failure type="java.lang.IllegalStateException" message="ExtentTest instance is NULL! Ensure setupTest() runs before logging.">
      <![CDATA[java.lang.IllegalStateException: ExtentTest instance is NULL! Ensure setupTest() runs before logging.
at utilities.ExtentReportListener.getTest(ExtentReportListener.java:53)
at utilities.ExtentReportListener.logInfo(ExtentReportListener.java:91)
at utilities.ActionDriver.sendKeys(ActionDriver.java:57)
at testCases.TC001_LoginPageTest.enterPassword(TC001_LoginPageTest.java:39)
at java.base/java.util.concurrent.ThreadPoolExecutor.runWorker(ThreadPoolExecutor.java:1144)
at java.base/java.util.concurrent.ThreadPoolExecutor$Worker.run(ThreadPoolExecutor.java:642)
at java.base/java.lang.Thread.run(Thread.java:1575)
... Removed 10 stack frames]]>
    </failure>
  </testcase> <!-- enterPassword -->
  <testcase classname="testCases.TC001_LoginPageTest" name="clickOnLoginButton" time="1.219">
    <failure type="java.lang.IllegalStateException" message="ExtentTest instance is NULL! Ensure setupTest() runs before logging.">
      <![CDATA[java.lang.IllegalStateException: ExtentTest instance is NULL! Ensure setupTest() runs before logging.
at utilities.ExtentReportListener.getTest(ExtentReportListener.java:53)
at utilities.ExtentReportListener.logInfo(ExtentReportListener.java:91)
at utilities.ActionDriver.clickElement(ActionDriver.java:74)
at testCases.TC001_LoginPageTest.clickOnLoginButton(TC001_LoginPageTest.java:44)
at java.base/java.util.concurrent.ThreadPoolExecutor.runWorker(ThreadPoolExecutor.java:1144)
at java.base/java.util.concurrent.ThreadPoolExecutor$Worker.run(ThreadPoolExecutor.java:642)
at java.base/java.lang.Thread.run(Thread.java:1575)
... Removed 10 stack frames]]>
    </failure>
  </testcase> <!-- clickOnLoginButton -->
</testsuite> <!-- Test -->
