<?xml version="1.0" encoding="UTF-8"?>
<!-- Generated by org.testng.reporters.JUnitXMLReporter -->
<testsuite ignored="2" hostname="Siddharthas-MacBook-Air.local" failures="0" tests="5" name="Test" time="13.674" errors="0" timestamp="2025-04-12T12:50:55 IST">
  <testcase classname="testCases.TC001_LoginPageTest" name="enterUsername" time="0.129"/>
  <testcase classname="testCases.TC001_LoginPageTest" name="enterPassword" time="0.054"/>
  <testcase classname="testCases.TC001_LoginPageTest" name="clickOnLoginButton" time="0.062"/>
  <testcase classname="testCases.TC002_AdminPageTest" name="clickOnAdminButton" time="1.35"/>
  <testcase classname="testCases.TC002_AdminPageTest" name="selectCheckBoxes" time="10.018"/>
  <testcase classname="base.TestBase" name="@AfterTest tearDown" time="0.0">
    <ignored/>
  </testcase> <!-- @AfterTest tearDown -->
  <testcase classname="base.TestBase" name="@BeforeSuite setup" time="0.0">
    <ignored/>
  </testcase> <!-- @BeforeSuite setup -->
</testsuite> <!-- Test -->
