<?xml version="1.0" encoding="UTF-8"?>
<!-- Generated by org.testng.reporters.JUnitXMLReporter -->
<testsuite ignored="1" hostname="Siddharthas-MacBook-Air.local" failures="3" tests="3" name="chrometest" time="6.421" errors="0" timestamp="2025-04-11T21:35:45 IST">
  <testcase classname="testCases.TC001_LoginPageTest" name="enterPassword" time="0.007">
    <failure type="java.lang.NullPointerException" message="Cannot read field &amp;quot;passwordField&amp;quot; because &amp;quot;this.loginPage&amp;quot; is null">
      <![CDATA[java.lang.NullPointerException: Cannot read field "passwordField" because "this.loginPage" is null
at testCases.TC001_LoginPageTest.enterPassword(TC001_LoginPageTest.java:37)
at java.base/java.util.concurrent.ThreadPoolExecutor.runWorker(ThreadPoolExecutor.java:1144)
at java.base/java.util.concurrent.ThreadPoolExecutor$Worker.run(ThreadPoolExecutor.java:642)
at java.base/java.lang.Thread.run(Thread.java:1575)
... Removed 10 stack frames]]>
    </failure>
  </testcase> <!-- enterPassword -->
  <testcase classname="testCases.TC001_LoginPageTest" name="enterUsername" time="0.007">
    <failure type="java.lang.NullPointerException" message="Cannot read field &amp;quot;usernameField&amp;quot; because &amp;quot;this.loginPage&amp;quot; is null">
      <![CDATA[java.lang.NullPointerException: Cannot read field "usernameField" because "this.loginPage" is null
at testCases.TC001_LoginPageTest.enterUsername(TC001_LoginPageTest.java:31)
at java.base/java.util.concurrent.ThreadPoolExecutor.runWorker(ThreadPoolExecutor.java:1144)
at java.base/java.util.concurrent.ThreadPoolExecutor$Worker.run(ThreadPoolExecutor.java:642)
at java.base/java.lang.Thread.run(Thread.java:1575)
... Removed 10 stack frames]]>
    </failure>
  </testcase> <!-- enterUsername -->
  <testcase classname="testCases.TC001_LoginPageTest" name="clickOnLoginButton" time="0.007">
    <failure type="java.lang.NullPointerException" message="Cannot read field &amp;quot;loginBtn&amp;quot; because &amp;quot;this.loginPage&amp;quot; is null">
      <![CDATA[java.lang.NullPointerException: Cannot read field "loginBtn" because "this.loginPage" is null
at testCases.TC001_LoginPageTest.clickOnLoginButton(TC001_LoginPageTest.java:44)
at java.base/java.util.concurrent.ThreadPoolExecutor.runWorker(ThreadPoolExecutor.java:1144)
at java.base/java.util.concurrent.ThreadPoolExecutor$Worker.run(ThreadPoolExecutor.java:642)
at java.base/java.lang.Thread.run(Thread.java:1575)
... Removed 10 stack frames]]>
    </failure>
  </testcase> <!-- clickOnLoginButton -->
  <testcase classname="testCases.TC001_LoginPageTest" name="@BeforeTest setup" time="0.0">
    <ignored/>
  </testcase> <!-- @BeforeTest setup -->
</testsuite> <!-- chrometest -->
