<?xml version="1.0" encoding="UTF-8"?>
<testng-results ignored="2" total="7" passed="5" failed="0" skipped="0">
  <reporter-output>
  </reporter-output>
  <suite started-at="2025-04-12T12:50:41 IST" name="Automation-Suite" finished-at="2025-04-12T12:50:55 IST" duration-ms="13674">
    <groups>
      <group name="smoke">
        <method signature="TC001_LoginPageTest.clickOnLoginButton()[pri:3, instance:testCases.TC001_LoginPageTest@408d971b]" name="clickOnLoginButton" class="testCases.TC001_LoginPageTest"/>
      </group> <!-- smoke -->
      <group name="login">
        <method signature="TC001_LoginPageTest.enterPassword()[pri:2, instance:testCases.TC001_LoginPageTest@408d971b]" name="enterPassword" class="testCases.TC001_LoginPageTest"/>
        <method signature="TC001_LoginPageTest.enterUsername()[pri:1, instance:testCases.TC001_LoginPageTest@408d971b]" name="enterUsername" class="testCases.TC001_LoginPageTest"/>
      </group> <!-- login -->
    </groups>
    <test started-at="2025-04-12T12:50:41 IST" name="Test" finished-at="2025-04-12T12:50:55 IST" duration-ms="13674">
      <class name="testCases.TC002_AdminPageTest">
        <test-method is-config="true" signature="setup()[pri:0, instance:testCases.TC002_AdminPageTest@38425407]" started-at="2025-04-12T12:50:43 IST" name="setup" finished-at="2025-04-12T12:50:43 IST" duration-ms="8" status="PASS">
          <reporter-output>
          </reporter-output>
        </test-method> <!-- setup -->
        <test-method signature="clickOnAdminButton()[pri:1, instance:testCases.TC002_AdminPageTest@38425407]" started-at="2025-04-12T12:50:43 IST" name="clickOnAdminButton" finished-at="2025-04-12T12:50:45 IST" duration-ms="1350" status="PASS">
          <reporter-output>
          </reporter-output>
        </test-method> <!-- clickOnAdminButton -->
        <test-method signature="selectCheckBoxes()[pri:2, instance:testCases.TC002_AdminPageTest@38425407]" started-at="2025-04-12T12:50:45 IST" name="selectCheckBoxes" finished-at="2025-04-12T12:50:55 IST" duration-ms="10018" status="PASS">
          <reporter-output>
          </reporter-output>
        </test-method> <!-- selectCheckBoxes -->
        <test-method is-config="true" signature="setup()[pri:0, instance:testCases.TC002_AdminPageTest@38425407]" started-at="2025-04-12T12:50:45 IST" name="setup" finished-at="2025-04-12T12:50:45 IST" duration-ms="0" status="PASS">
          <reporter-output>
          </reporter-output>
        </test-method> <!-- setup -->
      </class> <!-- testCases.TC002_AdminPageTest -->
      <class name="testCases.TC001_LoginPageTest">
        <test-method is-config="true" signature="setup(java.lang.String,java.lang.String)[pri:0, instance:testCases.TC001_LoginPageTest@408d971b]" started-at="2025-04-12T12:50:36 IST" name="setup" finished-at="2025-04-12T12:50:41 IST" duration-ms="5020" status="PASS">
          <params>
            <param index="0">
              <value>
                <![CDATA[chrome]]>
              </value>
            </param>
            <param index="1">
              <value>
                <![CDATA[mac]]>
              </value>
            </param>
          </params>
          <reporter-output>
          </reporter-output>
        </test-method> <!-- setup -->
        <test-method is-config="true" signature="initObjects()[pri:0, instance:testCases.TC001_LoginPageTest@408d971b]" started-at="2025-04-12T12:50:42 IST" name="initObjects" finished-at="2025-04-12T12:50:42 IST" duration-ms="161" status="PASS">
          <reporter-output>
          </reporter-output>
        </test-method> <!-- initObjects -->
        <test-method signature="enterUsername()[pri:1, instance:testCases.TC001_LoginPageTest@408d971b]" started-at="2025-04-12T12:50:42 IST" name="enterUsername" finished-at="2025-04-12T12:50:42 IST" duration-ms="129" status="PASS">
          <reporter-output>
          </reporter-output>
        </test-method> <!-- enterUsername -->
        <test-method is-config="true" signature="initObjects()[pri:0, instance:testCases.TC001_LoginPageTest@408d971b]" started-at="2025-04-12T12:50:42 IST" name="initObjects" finished-at="2025-04-12T12:50:42 IST" duration-ms="1" status="PASS">
          <reporter-output>
          </reporter-output>
        </test-method> <!-- initObjects -->
        <test-method signature="enterPassword()[pri:2, instance:testCases.TC001_LoginPageTest@408d971b]" started-at="2025-04-12T12:50:42 IST" name="enterPassword" finished-at="2025-04-12T12:50:42 IST" duration-ms="54" status="PASS">
          <reporter-output>
          </reporter-output>
        </test-method> <!-- enterPassword -->
        <test-method is-config="true" signature="initObjects()[pri:0, instance:testCases.TC001_LoginPageTest@408d971b]" started-at="2025-04-12T12:50:42 IST" name="initObjects" finished-at="2025-04-12T12:50:42 IST" duration-ms="1" status="PASS">
          <reporter-output>
          </reporter-output>
        </test-method> <!-- initObjects -->
        <test-method signature="clickOnLoginButton()[pri:3, instance:testCases.TC001_LoginPageTest@408d971b]" started-at="2025-04-12T12:50:42 IST" name="clickOnLoginButton" finished-at="2025-04-12T12:50:42 IST" duration-ms="62" status="PASS">
          <reporter-output>
          </reporter-output>
        </test-method> <!-- clickOnLoginButton -->
        <test-method is-config="true" signature="tearDown()[pri:0, instance:testCases.TC001_LoginPageTest@408d971b]" started-at="2025-04-12T12:50:55 IST" name="tearDown" finished-at="2025-04-12T12:50:55 IST" duration-ms="100" status="PASS">
          <reporter-output>
          </reporter-output>
        </test-method> <!-- tearDown -->
      </class> <!-- testCases.TC001_LoginPageTest -->
    </test> <!-- Test -->
  </suite> <!-- Automation-Suite -->
</testng-results>
