<?xml version="1.0" encoding="UTF-8"?>
<!-- Generated by org.testng.reporters.JUnitXMLReporter -->
<testsuite ignored="1" hostname="Siddharthas-MacBook-Air.local" failures="2" tests="2" name="Login Group Test" time="0.115" errors="0" timestamp="2025-04-11T21:53:02 IST">
  <testcase classname="testCases.TC001_LoginPageTest" name="enterUsername" time="0.008">
    <failure type="java.lang.NullPointerException" message="Cannot read field &amp;quot;usernameField&amp;quot; because &amp;quot;this.loginPage&amp;quot; is null">
      <![CDATA[java.lang.NullPointerException: Cannot read field "usernameField" because "this.loginPage" is null
at testCases.TC001_LoginPageTest.enterUsername(TC001_LoginPageTest.java:33)
at java.base/java.util.ArrayList.forEach(ArrayList.java:1597)
... Removed 25 stack frames]]>
    </failure>
  </testcase> <!-- enterUsername -->
  <testcase classname="testCases.TC001_LoginPageTest" name="enterPassword" time="0.0">
    <failure type="java.lang.NullPointerException" message="Cannot read field &amp;quot;passwordField&amp;quot; because &amp;quot;this.loginPage&amp;quot; is null">
      <![CDATA[java.lang.NullPointerException: Cannot read field "passwordField" because "this.loginPage" is null
at testCases.TC001_LoginPageTest.enterPassword(TC001_LoginPageTest.java:39)
at java.base/java.util.ArrayList.forEach(ArrayList.java:1597)
... Removed 25 stack frames]]>
    </failure>
  </testcase> <!-- enterPassword -->
  <testcase classname="testCases.TC001_LoginPageTest" name="clickOnLoginButton" time="0.0">
    <ignored/>
  </testcase> <!-- clickOnLoginButton -->
</testsuite> <!-- Login Group Test -->
